<?xml version="1.0" encoding="UTF-8"?>
<testng-results ignored="0" total="2" passed="1" failed="1" skipped="0">
  <reporter-output>
  </reporter-output>
  <suite started-at="2022-12-23T16:45:28 IST" name="Default suite" finished-at="2022-12-23T16:46:19 IST" duration-ms="50625">
    <groups>
    </groups>
    <test started-at="2022-12-23T16:45:28 IST" name="Default test" finished-at="2022-12-23T16:46:19 IST" duration-ms="50625">
      <class name="TestCases.WebPageTest">
        <test-method is-config="true" signature="setup()[pri:0, instance:TestCases.WebPageTest@71a8adcf]" started-at="2022-12-23T16:45:28 IST" name="setup" finished-at="2022-12-23T16:45:43 IST" duration-ms="15216" status="PASS">
          <reporter-output>
          </reporter-output>
        </test-method> <!-- setup -->
        <test-method signature="verifyMovieCountryTestCase()[pri:1, instance:TestCases.WebPageTest@71a8adcf]" started-at="2022-12-23T16:45:43 IST" name="verifyMovieCountryTestCase" finished-at="2022-12-23T16:46:01 IST" duration-ms="17347" status="PASS">
          <reporter-output>
          </reporter-output>
        </test-method> <!-- verifyMovieCountryTestCase -->
        <test-method is-config="true" signature="closeBrowser(org.testng.ITestResult)[pri:0, instance:TestCases.WebPageTest@71a8adcf]" started-at="2022-12-23T16:46:01 IST" name="closeBrowser" finished-at="2022-12-23T16:46:01 IST" duration-ms="380" status="PASS">
          <params>
            <param index="0">
              <value>
                <![CDATA[[TestResult name=verifyMovieCountryTestCase status=SUCCESS method=WebPageTest.verifyMovieCountryTestCase()[pri:1, instance:TestCases.WebPageTest@71a8adcf] output={null}]]]>
              </value>
            </param>
          </params>
          <reporter-output>
          </reporter-output>
        </test-method> <!-- closeBrowser -->
        <test-method is-config="true" signature="setup()[pri:0, instance:TestCases.WebPageTest@71a8adcf]" started-at="2022-12-23T16:46:01 IST" name="setup" finished-at="2022-12-23T16:46:06 IST" duration-ms="5001" status="PASS">
          <reporter-output>
          </reporter-output>
        </test-method> <!-- setup -->
        <test-method signature="verifymovieDateTestcase()[pri:2, instance:TestCases.WebPageTest@71a8adcf]" started-at="2022-12-23T16:46:06 IST" name="verifymovieDateTestcase" finished-at="2022-12-23T16:46:17 IST" duration-ms="11323" status="FAIL">
          <exception class="java.lang.AssertionError">
            <message>
              <![CDATA[expected [December 17, 2021 (United States)] but found [17 December 2021]]]>
            </message>
            <full-stacktrace>
              <![CDATA[java.lang.AssertionError: expected [December 17, 2021 (United States)] but found [17 December 2021]
at org.testng.Assert.fail(Assert.java:110)
at org.testng.Assert.failNotEquals(Assert.java:1413)
at org.testng.Assert.assertEqualsImpl(Assert.java:149)
at org.testng.Assert.assertEquals(Assert.java:131)
at org.testng.Assert.assertEquals(Assert.java:655)
at org.testng.Assert.assertEquals(Assert.java:665)
at TestCases.WebPageTest.verifymovieDateTestcase(WebPageTest.java:29)
at java.base/jdk.internal.reflect.NativeMethodAccessorImpl.invoke0(Native Method)
at java.base/jdk.internal.reflect.NativeMethodAccessorImpl.invoke(NativeMethodAccessorImpl.java:62)
at java.base/jdk.internal.reflect.DelegatingMethodAccessorImpl.invoke(DelegatingMethodAccessorImpl.java:43)
at java.base/java.lang.reflect.Method.invoke(Method.java:566)
at org.testng.internal.invokers.MethodInvocationHelper.invokeMethod(MethodInvocationHelper.java:135)
at org.testng.internal.invokers.TestInvoker.invokeMethod(TestInvoker.java:673)
at org.testng.internal.invokers.TestInvoker.invokeTestMethod(TestInvoker.java:220)
at org.testng.internal.invokers.MethodRunner.runInSequence(MethodRunner.java:50)
at org.testng.internal.invokers.TestInvoker$MethodInvocationAgent.invoke(TestInvoker.java:945)
at org.testng.internal.invokers.TestInvoker.invokeTestMethods(TestInvoker.java:193)
at org.testng.internal.invokers.TestMethodWorker.invokeTestMethods(TestMethodWorker.java:146)
at org.testng.internal.invokers.TestMethodWorker.run(TestMethodWorker.java:128)
at java.base/java.util.ArrayList.forEach(ArrayList.java:1541)
at org.testng.TestRunner.privateRun(TestRunner.java:808)
at org.testng.TestRunner.run(TestRunner.java:603)
at org.testng.SuiteRunner.runTest(SuiteRunner.java:429)
at org.testng.SuiteRunner.runSequentially(SuiteRunner.java:423)
at org.testng.SuiteRunner.privateRun(SuiteRunner.java:383)
at org.testng.SuiteRunner.run(SuiteRunner.java:326)
at org.testng.SuiteRunnerWorker.runSuite(SuiteRunnerWorker.java:52)
at org.testng.SuiteRunnerWorker.run(SuiteRunnerWorker.java:95)
at org.testng.TestNG.runSuitesSequentially(TestNG.java:1249)
at org.testng.TestNG.runSuitesLocally(TestNG.java:1169)
at org.testng.TestNG.runSuites(TestNG.java:1092)
at org.testng.TestNG.run(TestNG.java:1060)
at org.testng.remote.AbstractRemoteTestNG.run(AbstractRemoteTestNG.java:115)
at org.testng.remote.RemoteTestNG.initAndRun(RemoteTestNG.java:251)
at org.testng.remote.RemoteTestNG.main(RemoteTestNG.java:77)
]]>
            </full-stacktrace>
          </exception> <!-- java.lang.AssertionError -->
          <reporter-output>
          </reporter-output>
        </test-method> <!-- verifymovieDateTestcase -->
        <test-method is-config="true" signature="closeBrowser(org.testng.ITestResult)[pri:0, instance:TestCases.WebPageTest@71a8adcf]" started-at="2022-12-23T16:46:17 IST" name="closeBrowser" finished-at="2022-12-23T16:46:19 IST" duration-ms="1249" status="PASS">
          <params>
            <param index="0">
              <value>
                <![CDATA[[TestResult name=verifymovieDateTestcase status=FAILURE method=WebPageTest.verifymovieDateTestcase()[pri:2, instance:TestCases.WebPageTest@71a8adcf] output={null}]]]>
              </value>
            </param>
          </params>
          <reporter-output>
          </reporter-output>
        </test-method> <!-- closeBrowser -->
      </class> <!-- TestCases.WebPageTest -->
    </test> <!-- Default test -->
  </suite> <!-- Default suite -->
</testng-results>
